
Currently Loaded Modules:
  1) shared                   3) DefaultModules   5) openmpi/4.0.2
  2) slurm/RT_SLURM/19.05.7   4) gcc/5.5.0

 

Performed a 4096 x 4096 matrix multiply in 233.06342 seconds
Number of floating point operations = 2 * 4096^3 = 137438953472
Flops = 5.897e+08
Performed a 4096 x 4096 matrix multiply in 234.40050 seconds
Number of floating point operations = 2 * 4096^3 = 137438953472
Flops = 5.863e+08
Performed a 4096 x 4096 matrix multiply in 234.49662 seconds
Number of floating point operations = 2 * 4096^3 = 137438953472
Flops = 5.861e+08
Performed a 4096 x 4096 matrix multiply in 232.18715 seconds
Number of floating point operations = 2 * 4096^3 = 137438953472
Flops = 5.919e+08
Performed a 4096 x 4096 matrix multiply in 234.93363 seconds
Number of floating point operations = 2 * 4096^3 = 137438953472
Flops = 5.850e+08
Performed a 4096 x 4096 matrix multiply in 66.11433 seconds
Number of floating point operations = 2 * 4096^3 = 137438953472
Flops = 2.079e+09
Performed a 4096 x 4096 matrix multiply in 65.85164 seconds
Number of floating point operations = 2 * 4096^3 = 137438953472
Flops = 2.087e+09
Performed a 4096 x 4096 matrix multiply in 66.15139 seconds
Number of floating point operations = 2 * 4096^3 = 137438953472
Flops = 2.078e+09
Performed a 4096 x 4096 matrix multiply in 66.16461 seconds
Number of floating point operations = 2 * 4096^3 = 137438953472
Flops = 2.077e+09
Performed a 4096 x 4096 matrix multiply in 65.66602 seconds
Number of floating point operations = 2 * 4096^3 = 137438953472
Flops = 2.093e+09
Performed a 4096 x 4096 matrix multiply in 31.32687 seconds
Number of floating point operations = 2 * 4096^3 = 137438953472
Flops = 4.387e+09
Performed a 4096 x 4096 matrix multiply in 18.63229 seconds
Number of floating point operations = 2 * 4096^3 = 137438953472
Flops = 7.376e+09
Performed a 4096 x 4096 matrix multiply in 18.69873 seconds
Number of floating point operations = 2 * 4096^3 = 137438953472
Flops = 7.350e+09
Performed a 4096 x 4096 matrix multiply in 18.65158 seconds
Number of floating point operations = 2 * 4096^3 = 137438953472
Flops = 7.369e+09
Performed a 4096 x 4096 matrix multiply in 18.66940 seconds
Number of floating point operations = 2 * 4096^3 = 137438953472
Flops = 7.362e+09
Performed a 4096 x 4096 matrix multiply in 18.61730 seconds
Number of floating point operations = 2 * 4096^3 = 137438953472
Flops = 7.382e+09
Performed a 4096 x 4096 matrix multiply in 18.69540 seconds
Number of floating point operations = 2 * 4096^3 = 137438953472
Flops = 7.351e+09
Performed a 4096 x 4096 matrix multiply in 18.69983 seconds
Number of floating point operations = 2 * 4096^3 = 137438953472
Flops = 7.350e+09
Performed a 4096 x 4096 matrix multiply in 18.66314 seconds
Number of floating point operations = 2 * 4096^3 = 137438953472
Flops = 7.364e+09
Performed a 4096 x 4096 matrix multiply in 18.61883 seconds
Number of floating point operations = 2 * 4096^3 = 137438953472
Flops = 7.382e+09
Performed a 4096 x 4096 matrix multiply in 19.63428 seconds
Number of floating point operations = 2 * 4096^3 = 137438953472
Flops = 7.000e+09
Performed a 4096 x 4096 matrix multiply in 18.62383 seconds
Number of floating point operations = 2 * 4096^3 = 137438953472
Flops = 7.380e+09
Performed a 4096 x 4096 matrix multiply in 18.59285 seconds
Number of floating point operations = 2 * 4096^3 = 137438953472
Flops = 7.392e+09
Performed a 4096 x 4096 matrix multiply in 18.63762 seconds
Number of floating point operations = 2 * 4096^3 = 137438953472
Flops = 7.374e+09
Performed a 4096 x 4096 matrix multiply in 18.64869 seconds
Number of floating point operations = 2 * 4096^3 = 137438953472
Flops = 7.370e+09
Performed a 4096 x 4096 matrix multiply in 18.67837 seconds
Number of floating point operations = 2 * 4096^3 = 137438953472
Flops = 7.358e+09
Performed a 4096 x 4096 matrix multiply in 18.62408 seconds
Number of floating point operations = 2 * 4096^3 = 137438953472
Flops = 7.380e+09
Performed a 4096 x 4096 matrix multiply in 18.67149 seconds
Number of floating point operations = 2 * 4096^3 = 137438953472
Flops = 7.361e+09
Performed a 4096 x 4096 matrix multiply in 18.66656 seconds
Number of floating point operations = 2 * 4096^3 = 137438953472
Flops = 7.363e+09
Performed a 4096 x 4096 matrix multiply in 19.00952 seconds
Number of floating point operations = 2 * 4096^3 = 137438953472
Flops = 7.230e+09
