
Currently Loaded Modules:
  1) shared                   3) DefaultModules   5) openmpi/4.0.2
  2) slurm/RT_SLURM/19.05.7   4) gcc/5.5.0

 

Performed a 4096 x 4096 matrix multiply in 0.00025 seconds
Number of floating point operations = 2 * 4096^2 = 4095
Flops = 1.647e+07
Performed a 4096 x 4096 matrix multiply in 0.00007 seconds
Number of floating point operations = 2 * 4096^2 = 4095
Flops = 5.897e+07
Performed a 4096 x 4096 matrix multiply in 0.00009 seconds
Number of floating point operations = 2 * 4096^2 = 4095
Flops = 4.810e+07
Performed a 4096 x 4096 matrix multiply in 0.00007 seconds
Number of floating point operations = 2 * 4096^2 = 4095
Flops = 5.557e+07
Performed a 4096 x 4096 matrix multiply in 0.00007 seconds
Number of floating point operations = 2 * 4096^2 = 4095
Flops = 5.736e+07
Performed a 4096 x 4096 matrix multiply in 0.00072 seconds
Number of floating point operations = 2 * 4096^2 = 4095
Flops = 5.655e+06
Performed a 4096 x 4096 matrix multiply in 0.00066 seconds
Number of floating point operations = 2 * 4096^2 = 4095
Flops = 6.172e+06
Performed a 4096 x 4096 matrix multiply in 0.00285 seconds
Number of floating point operations = 2 * 4096^2 = 4095
Flops = 1.437e+06
Performed a 4096 x 4096 matrix multiply in 0.00068 seconds
Number of floating point operations = 2 * 4096^2 = 4095
Flops = 6.024e+06
Performed a 4096 x 4096 matrix multiply in 0.00260 seconds
Number of floating point operations = 2 * 4096^2 = 4095
Flops = 1.574e+06
Performed a 4096 x 4096 matrix multiply in 0.00144 seconds
Number of floating point operations = 2 * 4096^2 = 4095
Flops = 2.846e+06
Performed a 4096 x 4096 matrix multiply in 0.00758 seconds
Number of floating point operations = 2 * 4096^2 = 4095
Flops = 5.402e+05
Performed a 4096 x 4096 matrix multiply in 0.00149 seconds
Number of floating point operations = 2 * 4096^2 = 4095
Flops = 2.742e+06
Performed a 4096 x 4096 matrix multiply in 0.00155 seconds
Number of floating point operations = 2 * 4096^2 = 4095
Flops = 2.638e+06
Performed a 4096 x 4096 matrix multiply in 0.00257 seconds
Number of floating point operations = 2 * 4096^2 = 4095
Flops = 1.592e+06
Performed a 4096 x 4096 matrix multiply in 0.00783 seconds
Number of floating point operations = 2 * 4096^2 = 4095
Flops = 5.227e+05
Performed a 4096 x 4096 matrix multiply in 0.00302 seconds
Number of floating point operations = 2 * 4096^2 = 4095
Flops = 1.355e+06
Performed a 4096 x 4096 matrix multiply in 0.00353 seconds
Number of floating point operations = 2 * 4096^2 = 4095
Flops = 1.161e+06
Performed a 4096 x 4096 matrix multiply in 0.00398 seconds
Number of floating point operations = 2 * 4096^2 = 4095
Flops = 1.029e+06
Performed a 4096 x 4096 matrix multiply in 0.00604 seconds
Number of floating point operations = 2 * 4096^2 = 4095
Flops = 6.783e+05
Performed a 4096 x 4096 matrix multiply in 0.00808 seconds
Number of floating point operations = 2 * 4096^2 = 4095
Flops = 5.069e+05
Performed a 4096 x 4096 matrix multiply in 0.00748 seconds
Number of floating point operations = 2 * 4096^2 = 4095
Flops = 5.474e+05
Performed a 4096 x 4096 matrix multiply in 0.00789 seconds
Number of floating point operations = 2 * 4096^2 = 4095
Flops = 5.193e+05
Performed a 4096 x 4096 matrix multiply in 0.00420 seconds
Number of floating point operations = 2 * 4096^2 = 4095
Flops = 9.749e+05
Performed a 4096 x 4096 matrix multiply in 0.00779 seconds
Number of floating point operations = 2 * 4096^2 = 4095
Flops = 5.259e+05
Performed a 4096 x 4096 matrix multiply in 0.00897 seconds
Number of floating point operations = 2 * 4096^2 = 4095
Flops = 4.567e+05
Performed a 4096 x 4096 matrix multiply in 0.00769 seconds
Number of floating point operations = 2 * 4096^2 = 4095
Flops = 5.328e+05
Performed a 4096 x 4096 matrix multiply in 0.01802 seconds
Number of floating point operations = 2 * 4096^2 = 4095
Flops = 2.272e+05
Performed a 4096 x 4096 matrix multiply in 0.02002 seconds
Number of floating point operations = 2 * 4096^2 = 4095
Flops = 2.046e+05
Performed a 4096 x 4096 matrix multiply in 0.01955 seconds
Number of floating point operations = 2 * 4096^2 = 4095
Flops = 2.095e+05
Performed a 4096 x 4096 matrix multiply in 0.02565 seconds
Number of floating point operations = 2 * 4096^2 = 4095
Flops = 1.596e+05
Performed a 4096 x 4096 matrix multiply in 0.02861 seconds
Number of floating point operations = 2 * 4096^2 = 4095
Flops = 1.431e+05
Performed a 4096 x 4096 matrix multiply in 0.02261 seconds
Number of floating point operations = 2 * 4096^2 = 4095
Flops = 1.811e+05
Performed a 4096 x 4096 matrix multiply in 0.02634 seconds
Number of floating point operations = 2 * 4096^2 = 4095
Flops = 1.555e+05
Performed a 4096 x 4096 matrix multiply in 0.03036 seconds
Number of floating point operations = 2 * 4096^2 = 4095
Flops = 1.349e+05
Performed a 4096 x 4096 matrix multiply in 0.03055 seconds
Number of floating point operations = 2 * 4096^2 = 4095
Flops = 1.340e+05
Performed a 4096 x 4096 matrix multiply in 0.02985 seconds
Number of floating point operations = 2 * 4096^2 = 4095
Flops = 1.372e+05
Performed a 4096 x 4096 matrix multiply in 0.01908 seconds
Number of floating point operations = 2 * 4096^2 = 4095
Flops = 2.146e+05
Performed a 4096 x 4096 matrix multiply in 0.02939 seconds
Number of floating point operations = 2 * 4096^2 = 4095
Flops = 1.393e+05
Performed a 4096 x 4096 matrix multiply in 0.01905 seconds
Number of floating point operations = 2 * 4096^2 = 4095
Flops = 2.149e+05
Performed a 4096 x 4096 matrix multiply in 0.02355 seconds
Number of floating point operations = 2 * 4096^2 = 4095
Flops = 1.739e+05
Performed a 4096 x 4096 matrix multiply in 0.01848 seconds
Number of floating point operations = 2 * 4096^2 = 4095
Flops = 2.216e+05
Performed a 4096 x 4096 matrix multiply in 0.02528 seconds
Number of floating point operations = 2 * 4096^2 = 4095
Flops = 1.620e+05
Performed a 4096 x 4096 matrix multiply in 0.02305 seconds
Number of floating point operations = 2 * 4096^2 = 4095
Flops = 1.776e+05
Performed a 4096 x 4096 matrix multiply in 0.02110 seconds
Number of floating point operations = 2 * 4096^2 = 4095
Flops = 1.941e+05
Performed a 4096 x 4096 matrix multiply in 0.02858 seconds
Number of floating point operations = 2 * 4096^2 = 4095
Flops = 1.433e+05
Performed a 4096 x 4096 matrix multiply in 0.02721 seconds
Number of floating point operations = 2 * 4096^2 = 4095
Flops = 1.505e+05
Performed a 4096 x 4096 matrix multiply in 0.02094 seconds
Number of floating point operations = 2 * 4096^2 = 4095
Flops = 1.955e+05
Performed a 4096 x 4096 matrix multiply in 0.02260 seconds
Number of floating point operations = 2 * 4096^2 = 4095
Flops = 1.812e+05
Performed a 4096 x 4096 matrix multiply in 0.02035 seconds
Number of floating point operations = 2 * 4096^2 = 4095
Flops = 2.012e+05
